03:07:22 INFO  : Registering command handlers for SDK TCF services
03:07:23 INFO  : Launching XSCT server: xsct.bat -interactive E:\cwcre\School\498_SeniorDesign\Zybo-Z7-20-pcam-5c-2019.1\Zybo-Z7-20-pcam-5c-2019.1\vivado_proj\Zybo-Z7-20-pcam-5c.sdk\temp_xsdb_launch_script.tcl
03:07:26 INFO  : XSCT server has started successfully.
03:07:27 INFO  : Successfully done setting XSCT server connection channel  
03:07:27 INFO  : Processing command line option -hwspec E:/cwcre/School/498_SeniorDesign/Zybo-Z7-20-pcam-5c-2019.1/Zybo-Z7-20-pcam-5c-2019.1/vivado_proj/Zybo-Z7-20-pcam-5c.sdk/system_wrapper.hdf.
03:07:27 INFO  : Successfully done setting SDK workspace  
03:12:10 INFO  : Connected to target on host '127.0.0.1' and port '3121'.
03:12:10 INFO  : 'targets -set -filter {jtag_cable_name =~ "Digilent Zybo Z7 210351AF226FA" && level==0} -index 1' command is executed.
03:12:11 INFO  : FPGA configured successfully with bitstream "E:/cwcre/School/498_SeniorDesign/Zybo-Z7-20-pcam-5c-2019.1/Zybo-Z7-20-pcam-5c-2019.1/vivado_proj/Zybo-Z7-20-pcam-5c.sdk/system_wrapper_hw_platform_0/system_wrapper.bit"
03:12:19 INFO  : 'targets -set -filter {jtag_cable_name =~ "Digilent Zybo Z7 210351AF226FA" && level==0} -index 1' command is executed.
03:12:19 INFO  : 'fpga -state' command is executed.
03:12:19 INFO  : Connected to target on host '127.0.0.1' and port '3121'.
03:12:19 INFO  : Jtag cable 'Digilent Zybo Z7 210351AF226FA' is selected.
03:12:19 INFO  : 'jtag frequency' command is executed.
03:12:19 INFO  : Sourcing of 'E:/cwcre/School/498_SeniorDesign/Zybo-Z7-20-pcam-5c-2019.1/Zybo-Z7-20-pcam-5c-2019.1/vivado_proj/Zybo-Z7-20-pcam-5c.sdk/system_wrapper_hw_platform_0/ps7_init.tcl' is done.
03:12:19 INFO  : Context for 'APU' is selected.
03:12:19 INFO  : Hardware design information is loaded from 'E:/cwcre/School/498_SeniorDesign/Zybo-Z7-20-pcam-5c-2019.1/Zybo-Z7-20-pcam-5c-2019.1/vivado_proj/Zybo-Z7-20-pcam-5c.sdk/system_wrapper_hw_platform_0/system.hdf'.
03:12:19 INFO  : 'configparams force-mem-access 1' command is executed.
03:12:19 INFO  : Context for 'APU' is selected.
03:12:19 INFO  : 'stop' command is executed.
03:12:19 INFO  : 'ps7_init' command is executed.
03:12:19 INFO  : 'ps7_post_config' command is executed.
03:12:20 INFO  : Context for processor 'ps7_cortexa9_0' is selected.
03:12:20 INFO  : Processor reset is completed for 'ps7_cortexa9_0'.
03:12:20 INFO  : Context for processor 'ps7_cortexa9_0' is selected.
03:12:21 INFO  : The application 'E:/cwcre/School/498_SeniorDesign/Zybo-Z7-20-pcam-5c-2019.1/Zybo-Z7-20-pcam-5c-2019.1/vivado_proj/Zybo-Z7-20-pcam-5c.sdk/pcam_vdma_hdmi/Debug/pcam_vdma_hdmi.elf' is downloaded to processor 'ps7_cortexa9_0'.
03:12:21 INFO  : 'configparams force-mem-access 0' command is executed.
03:12:21 INFO  : ----------------XSDB Script----------------
connect -url tcp:127.0.0.1:3121
source E:/cwcre/School/498_SeniorDesign/Zybo-Z7-20-pcam-5c-2019.1/Zybo-Z7-20-pcam-5c-2019.1/vivado_proj/Zybo-Z7-20-pcam-5c.sdk/system_wrapper_hw_platform_0/ps7_init.tcl
targets -set -nocase -filter {name =~"APU*" && jtag_cable_name =~ "Digilent Zybo Z7 210351AF226FA"} -index 0
loadhw -hw E:/cwcre/School/498_SeniorDesign/Zybo-Z7-20-pcam-5c-2019.1/Zybo-Z7-20-pcam-5c-2019.1/vivado_proj/Zybo-Z7-20-pcam-5c.sdk/system_wrapper_hw_platform_0/system.hdf -mem-ranges [list {0x40000000 0xbfffffff}]
configparams force-mem-access 1
targets -set -nocase -filter {name =~"APU*" && jtag_cable_name =~ "Digilent Zybo Z7 210351AF226FA"} -index 0
stop
ps7_init
ps7_post_config
targets -set -nocase -filter {name =~ "ARM*#0" && jtag_cable_name =~ "Digilent Zybo Z7 210351AF226FA"} -index 0
rst -processor
targets -set -nocase -filter {name =~ "ARM*#0" && jtag_cable_name =~ "Digilent Zybo Z7 210351AF226FA"} -index 0
dow E:/cwcre/School/498_SeniorDesign/Zybo-Z7-20-pcam-5c-2019.1/Zybo-Z7-20-pcam-5c-2019.1/vivado_proj/Zybo-Z7-20-pcam-5c.sdk/pcam_vdma_hdmi/Debug/pcam_vdma_hdmi.elf
configparams force-mem-access 0
----------------End of Script----------------

03:12:21 INFO  : Memory regions updated for context APU
03:12:21 INFO  : Context for processor 'ps7_cortexa9_0' is selected.
03:12:21 INFO  : 'con' command is executed.
03:12:21 INFO  : ----------------XSDB Script (After Launch)----------------
targets -set -nocase -filter {name =~ "ARM*#0" && jtag_cable_name =~ "Digilent Zybo Z7 210351AF226FA"} -index 0
con
----------------End of Script----------------

03:12:21 INFO  : Launch script is exported to file 'E:\cwcre\School\498_SeniorDesign\Zybo-Z7-20-pcam-5c-2019.1\Zybo-Z7-20-pcam-5c-2019.1\vivado_proj\Zybo-Z7-20-pcam-5c.sdk\.sdk\launch_scripts\xilinx_c-c++_application_(system_debugger)\system_debugger_using_debug_pcam_vdma_hdmi.elf_on_local.tcl'
03:12:41 INFO  : Disconnected from the channel tcfchan#1.
03:12:42 INFO  : 'targets -set -filter {jtag_cable_name =~ "Digilent Zybo Z7 210351AF226FA" && level==0} -index 1' command is executed.
03:12:42 INFO  : 'fpga -state' command is executed.
03:12:42 INFO  : Connected to target on host '127.0.0.1' and port '3121'.
03:12:43 INFO  : Jtag cable 'Digilent Zybo Z7 210351AF226FA' is selected.
03:12:43 INFO  : 'jtag frequency' command is executed.
03:12:43 INFO  : Sourcing of 'E:/cwcre/School/498_SeniorDesign/Zybo-Z7-20-pcam-5c-2019.1/Zybo-Z7-20-pcam-5c-2019.1/vivado_proj/Zybo-Z7-20-pcam-5c.sdk/system_wrapper_hw_platform_0/ps7_init.tcl' is done.
03:12:43 INFO  : Context for 'APU' is selected.
03:12:45 INFO  : Hardware design information is loaded from 'E:/cwcre/School/498_SeniorDesign/Zybo-Z7-20-pcam-5c-2019.1/Zybo-Z7-20-pcam-5c-2019.1/vivado_proj/Zybo-Z7-20-pcam-5c.sdk/system_wrapper_hw_platform_0/system.hdf'.
03:12:45 INFO  : 'configparams force-mem-access 1' command is executed.
03:12:45 INFO  : Context for 'APU' is selected.
03:12:45 INFO  : 'stop' command is executed.
03:12:45 INFO  : 'ps7_init' command is executed.
03:12:45 INFO  : 'ps7_post_config' command is executed.
03:12:45 INFO  : Context for processor 'ps7_cortexa9_0' is selected.
03:12:45 INFO  : Processor reset is completed for 'ps7_cortexa9_0'.
03:12:45 INFO  : Context for processor 'ps7_cortexa9_0' is selected.
03:12:46 INFO  : The application 'E:/cwcre/School/498_SeniorDesign/Zybo-Z7-20-pcam-5c-2019.1/Zybo-Z7-20-pcam-5c-2019.1/vivado_proj/Zybo-Z7-20-pcam-5c.sdk/pcam_vdma_hdmi/Debug/pcam_vdma_hdmi.elf' is downloaded to processor 'ps7_cortexa9_0'.
03:12:46 INFO  : 'configparams force-mem-access 0' command is executed.
03:12:46 INFO  : ----------------XSDB Script----------------
connect -url tcp:127.0.0.1:3121
source E:/cwcre/School/498_SeniorDesign/Zybo-Z7-20-pcam-5c-2019.1/Zybo-Z7-20-pcam-5c-2019.1/vivado_proj/Zybo-Z7-20-pcam-5c.sdk/system_wrapper_hw_platform_0/ps7_init.tcl
targets -set -nocase -filter {name =~"APU*" && jtag_cable_name =~ "Digilent Zybo Z7 210351AF226FA"} -index 0
loadhw -hw E:/cwcre/School/498_SeniorDesign/Zybo-Z7-20-pcam-5c-2019.1/Zybo-Z7-20-pcam-5c-2019.1/vivado_proj/Zybo-Z7-20-pcam-5c.sdk/system_wrapper_hw_platform_0/system.hdf -mem-ranges [list {0x40000000 0xbfffffff}]
configparams force-mem-access 1
targets -set -nocase -filter {name =~"APU*" && jtag_cable_name =~ "Digilent Zybo Z7 210351AF226FA"} -index 0
stop
ps7_init
ps7_post_config
targets -set -nocase -filter {name =~ "ARM*#0" && jtag_cable_name =~ "Digilent Zybo Z7 210351AF226FA"} -index 0
rst -processor
targets -set -nocase -filter {name =~ "ARM*#0" && jtag_cable_name =~ "Digilent Zybo Z7 210351AF226FA"} -index 0
dow E:/cwcre/School/498_SeniorDesign/Zybo-Z7-20-pcam-5c-2019.1/Zybo-Z7-20-pcam-5c-2019.1/vivado_proj/Zybo-Z7-20-pcam-5c.sdk/pcam_vdma_hdmi/Debug/pcam_vdma_hdmi.elf
configparams force-mem-access 0
----------------End of Script----------------

03:12:46 INFO  : Memory regions updated for context APU
03:12:47 INFO  : Context for processor 'ps7_cortexa9_0' is selected.
03:12:47 INFO  : 'con' command is executed.
03:12:47 INFO  : ----------------XSDB Script (After Launch)----------------
targets -set -nocase -filter {name =~ "ARM*#0" && jtag_cable_name =~ "Digilent Zybo Z7 210351AF226FA"} -index 0
con
----------------End of Script----------------

03:12:47 INFO  : Launch script is exported to file 'E:\cwcre\School\498_SeniorDesign\Zybo-Z7-20-pcam-5c-2019.1\Zybo-Z7-20-pcam-5c-2019.1\vivado_proj\Zybo-Z7-20-pcam-5c.sdk\.sdk\launch_scripts\xilinx_c-c++_application_(system_debugger)\system_debugger_using_debug_pcam_vdma_hdmi.elf_on_local.tcl'
03:21:08 INFO  : Connected to target on host '127.0.0.1' and port '3121'.
03:21:08 INFO  : 'targets -set -filter {jtag_cable_name =~ "Digilent Zybo Z7 210351AF226FA" && level==0} -index 1' command is executed.
03:21:09 INFO  : FPGA configured successfully with bitstream "E:/cwcre/School/498_SeniorDesign/Zybo-Z7-20-pcam-5c-2019.1/Zybo-Z7-20-pcam-5c-2019.1/vivado_proj/Zybo-Z7-20-pcam-5c.sdk/system_wrapper_hw_platform_0/system_wrapper.bit"
03:21:26 INFO  : Disconnected from the channel tcfchan#2.
03:21:27 INFO  : 'targets -set -filter {jtag_cable_name =~ "Digilent Zybo Z7 210351AF226FA" && level==0} -index 1' command is executed.
03:21:27 INFO  : 'fpga -state' command is executed.
03:21:27 INFO  : Connected to target on host '127.0.0.1' and port '3121'.
03:21:27 INFO  : Jtag cable 'Digilent Zybo Z7 210351AF226FA' is selected.
03:21:27 INFO  : 'jtag frequency' command is executed.
03:21:27 INFO  : Sourcing of 'E:/cwcre/School/498_SeniorDesign/Zybo-Z7-20-pcam-5c-2019.1/Zybo-Z7-20-pcam-5c-2019.1/vivado_proj/Zybo-Z7-20-pcam-5c.sdk/system_wrapper_hw_platform_0/ps7_init.tcl' is done.
03:21:27 INFO  : Context for 'APU' is selected.
03:21:29 INFO  : Hardware design information is loaded from 'E:/cwcre/School/498_SeniorDesign/Zybo-Z7-20-pcam-5c-2019.1/Zybo-Z7-20-pcam-5c-2019.1/vivado_proj/Zybo-Z7-20-pcam-5c.sdk/system_wrapper_hw_platform_0/system.hdf'.
03:21:29 INFO  : 'configparams force-mem-access 1' command is executed.
03:21:29 INFO  : Context for 'APU' is selected.
03:21:29 INFO  : 'stop' command is executed.
03:21:29 INFO  : 'ps7_init' command is executed.
03:21:29 INFO  : 'ps7_post_config' command is executed.
03:21:29 INFO  : Context for processor 'ps7_cortexa9_0' is selected.
03:21:29 INFO  : Processor reset is completed for 'ps7_cortexa9_0'.
03:21:29 INFO  : Context for processor 'ps7_cortexa9_0' is selected.
03:21:31 INFO  : The application 'E:/cwcre/School/498_SeniorDesign/Zybo-Z7-20-pcam-5c-2019.1/Zybo-Z7-20-pcam-5c-2019.1/vivado_proj/Zybo-Z7-20-pcam-5c.sdk/pcam_vdma_hdmi/Debug/pcam_vdma_hdmi.elf' is downloaded to processor 'ps7_cortexa9_0'.
03:21:31 INFO  : 'configparams force-mem-access 0' command is executed.
03:21:31 INFO  : ----------------XSDB Script----------------
connect -url tcp:127.0.0.1:3121
source E:/cwcre/School/498_SeniorDesign/Zybo-Z7-20-pcam-5c-2019.1/Zybo-Z7-20-pcam-5c-2019.1/vivado_proj/Zybo-Z7-20-pcam-5c.sdk/system_wrapper_hw_platform_0/ps7_init.tcl
targets -set -nocase -filter {name =~"APU*" && jtag_cable_name =~ "Digilent Zybo Z7 210351AF226FA"} -index 0
loadhw -hw E:/cwcre/School/498_SeniorDesign/Zybo-Z7-20-pcam-5c-2019.1/Zybo-Z7-20-pcam-5c-2019.1/vivado_proj/Zybo-Z7-20-pcam-5c.sdk/system_wrapper_hw_platform_0/system.hdf -mem-ranges [list {0x40000000 0xbfffffff}]
configparams force-mem-access 1
targets -set -nocase -filter {name =~"APU*" && jtag_cable_name =~ "Digilent Zybo Z7 210351AF226FA"} -index 0
stop
ps7_init
ps7_post_config
targets -set -nocase -filter {name =~ "ARM*#0" && jtag_cable_name =~ "Digilent Zybo Z7 210351AF226FA"} -index 0
rst -processor
targets -set -nocase -filter {name =~ "ARM*#0" && jtag_cable_name =~ "Digilent Zybo Z7 210351AF226FA"} -index 0
dow E:/cwcre/School/498_SeniorDesign/Zybo-Z7-20-pcam-5c-2019.1/Zybo-Z7-20-pcam-5c-2019.1/vivado_proj/Zybo-Z7-20-pcam-5c.sdk/pcam_vdma_hdmi/Debug/pcam_vdma_hdmi.elf
configparams force-mem-access 0
----------------End of Script----------------

03:21:31 INFO  : Memory regions updated for context APU
03:21:31 INFO  : Context for processor 'ps7_cortexa9_0' is selected.
03:21:31 INFO  : 'con' command is executed.
03:21:31 INFO  : ----------------XSDB Script (After Launch)----------------
targets -set -nocase -filter {name =~ "ARM*#0" && jtag_cable_name =~ "Digilent Zybo Z7 210351AF226FA"} -index 0
con
----------------End of Script----------------

03:21:31 INFO  : Launch script is exported to file 'E:\cwcre\School\498_SeniorDesign\Zybo-Z7-20-pcam-5c-2019.1\Zybo-Z7-20-pcam-5c-2019.1\vivado_proj\Zybo-Z7-20-pcam-5c.sdk\.sdk\launch_scripts\xilinx_c-c++_application_(system_debugger)\system_debugger_using_debug_pcam_vdma_hdmi.elf_on_local.tcl'
03:26:20 INFO  : Disconnected from the channel tcfchan#3.
03:26:21 INFO  : 'targets -set -filter {jtag_cable_name =~ "Digilent Zybo Z7 210351AF226FA" && level==0} -index 1' command is executed.
03:26:21 INFO  : 'fpga -state' command is executed.
03:26:21 INFO  : Connected to target on host '127.0.0.1' and port '3121'.
03:26:22 INFO  : Jtag cable 'Digilent Zybo Z7 210351AF226FA' is selected.
03:26:22 INFO  : 'jtag frequency' command is executed.
03:26:22 INFO  : Sourcing of 'E:/cwcre/School/498_SeniorDesign/Zybo-Z7-20-pcam-5c-2019.1/Zybo-Z7-20-pcam-5c-2019.1/vivado_proj/Zybo-Z7-20-pcam-5c.sdk/system_wrapper_hw_platform_0/ps7_init.tcl' is done.
03:26:22 INFO  : Context for 'APU' is selected.
03:26:23 INFO  : Hardware design information is loaded from 'E:/cwcre/School/498_SeniorDesign/Zybo-Z7-20-pcam-5c-2019.1/Zybo-Z7-20-pcam-5c-2019.1/vivado_proj/Zybo-Z7-20-pcam-5c.sdk/system_wrapper_hw_platform_0/system.hdf'.
03:26:23 INFO  : 'configparams force-mem-access 1' command is executed.
03:26:23 INFO  : Context for 'APU' is selected.
03:26:24 INFO  : 'stop' command is executed.
03:26:24 INFO  : 'ps7_init' command is executed.
03:26:24 INFO  : 'ps7_post_config' command is executed.
03:26:24 INFO  : Context for processor 'ps7_cortexa9_0' is selected.
03:26:24 INFO  : Processor reset is completed for 'ps7_cortexa9_0'.
03:26:24 INFO  : Context for processor 'ps7_cortexa9_0' is selected.
03:26:25 INFO  : The application 'E:/cwcre/School/498_SeniorDesign/Zybo-Z7-20-pcam-5c-2019.1/Zybo-Z7-20-pcam-5c-2019.1/vivado_proj/Zybo-Z7-20-pcam-5c.sdk/pcam_vdma_hdmi/Debug/pcam_vdma_hdmi.elf' is downloaded to processor 'ps7_cortexa9_0'.
03:26:25 INFO  : 'configparams force-mem-access 0' command is executed.
03:26:25 INFO  : ----------------XSDB Script----------------
connect -url tcp:127.0.0.1:3121
source E:/cwcre/School/498_SeniorDesign/Zybo-Z7-20-pcam-5c-2019.1/Zybo-Z7-20-pcam-5c-2019.1/vivado_proj/Zybo-Z7-20-pcam-5c.sdk/system_wrapper_hw_platform_0/ps7_init.tcl
targets -set -nocase -filter {name =~"APU*" && jtag_cable_name =~ "Digilent Zybo Z7 210351AF226FA"} -index 0
loadhw -hw E:/cwcre/School/498_SeniorDesign/Zybo-Z7-20-pcam-5c-2019.1/Zybo-Z7-20-pcam-5c-2019.1/vivado_proj/Zybo-Z7-20-pcam-5c.sdk/system_wrapper_hw_platform_0/system.hdf -mem-ranges [list {0x40000000 0xbfffffff}]
configparams force-mem-access 1
targets -set -nocase -filter {name =~"APU*" && jtag_cable_name =~ "Digilent Zybo Z7 210351AF226FA"} -index 0
stop
ps7_init
ps7_post_config
targets -set -nocase -filter {name =~ "ARM*#0" && jtag_cable_name =~ "Digilent Zybo Z7 210351AF226FA"} -index 0
rst -processor
targets -set -nocase -filter {name =~ "ARM*#0" && jtag_cable_name =~ "Digilent Zybo Z7 210351AF226FA"} -index 0
dow E:/cwcre/School/498_SeniorDesign/Zybo-Z7-20-pcam-5c-2019.1/Zybo-Z7-20-pcam-5c-2019.1/vivado_proj/Zybo-Z7-20-pcam-5c.sdk/pcam_vdma_hdmi/Debug/pcam_vdma_hdmi.elf
configparams force-mem-access 0
----------------End of Script----------------

03:26:25 INFO  : Memory regions updated for context APU
03:26:25 INFO  : Context for processor 'ps7_cortexa9_0' is selected.
03:26:25 INFO  : 'con' command is executed.
03:26:25 INFO  : ----------------XSDB Script (After Launch)----------------
targets -set -nocase -filter {name =~ "ARM*#0" && jtag_cable_name =~ "Digilent Zybo Z7 210351AF226FA"} -index 0
con
----------------End of Script----------------

03:26:25 INFO  : Launch script is exported to file 'E:\cwcre\School\498_SeniorDesign\Zybo-Z7-20-pcam-5c-2019.1\Zybo-Z7-20-pcam-5c-2019.1\vivado_proj\Zybo-Z7-20-pcam-5c.sdk\.sdk\launch_scripts\xilinx_c-c++_application_(system_debugger)\system_debugger_using_debug_pcam_vdma_hdmi.elf_on_local.tcl'
03:27:04 INFO  : Disconnected from the channel tcfchan#4.
03:27:05 INFO  : 'targets -set -filter {jtag_cable_name =~ "Digilent Zybo Z7 210351AF226FA" && level==0} -index 1' command is executed.
03:27:05 INFO  : 'fpga -state' command is executed.
03:27:05 INFO  : Connected to target on host '127.0.0.1' and port '3121'.
03:27:05 INFO  : Jtag cable 'Digilent Zybo Z7 210351AF226FA' is selected.
03:27:05 INFO  : 'jtag frequency' command is executed.
03:27:05 INFO  : Sourcing of 'E:/cwcre/School/498_SeniorDesign/Zybo-Z7-20-pcam-5c-2019.1/Zybo-Z7-20-pcam-5c-2019.1/vivado_proj/Zybo-Z7-20-pcam-5c.sdk/system_wrapper_hw_platform_0/ps7_init.tcl' is done.
03:27:05 INFO  : Context for 'APU' is selected.
03:27:07 INFO  : Hardware design information is loaded from 'E:/cwcre/School/498_SeniorDesign/Zybo-Z7-20-pcam-5c-2019.1/Zybo-Z7-20-pcam-5c-2019.1/vivado_proj/Zybo-Z7-20-pcam-5c.sdk/system_wrapper_hw_platform_0/system.hdf'.
03:27:07 INFO  : 'configparams force-mem-access 1' command is executed.
03:27:07 INFO  : Context for 'APU' is selected.
03:27:07 INFO  : 'stop' command is executed.
03:27:07 INFO  : 'ps7_init' command is executed.
03:27:07 INFO  : 'ps7_post_config' command is executed.
03:27:08 INFO  : Context for processor 'ps7_cortexa9_0' is selected.
03:27:08 INFO  : Processor reset is completed for 'ps7_cortexa9_0'.
03:27:08 INFO  : Context for processor 'ps7_cortexa9_0' is selected.
03:27:09 INFO  : The application 'E:/cwcre/School/498_SeniorDesign/Zybo-Z7-20-pcam-5c-2019.1/Zybo-Z7-20-pcam-5c-2019.1/vivado_proj/Zybo-Z7-20-pcam-5c.sdk/pcam_vdma_hdmi/Debug/pcam_vdma_hdmi.elf' is downloaded to processor 'ps7_cortexa9_0'.
03:27:09 INFO  : 'configparams force-mem-access 0' command is executed.
03:27:09 INFO  : ----------------XSDB Script----------------
connect -url tcp:127.0.0.1:3121
source E:/cwcre/School/498_SeniorDesign/Zybo-Z7-20-pcam-5c-2019.1/Zybo-Z7-20-pcam-5c-2019.1/vivado_proj/Zybo-Z7-20-pcam-5c.sdk/system_wrapper_hw_platform_0/ps7_init.tcl
targets -set -nocase -filter {name =~"APU*" && jtag_cable_name =~ "Digilent Zybo Z7 210351AF226FA"} -index 0
loadhw -hw E:/cwcre/School/498_SeniorDesign/Zybo-Z7-20-pcam-5c-2019.1/Zybo-Z7-20-pcam-5c-2019.1/vivado_proj/Zybo-Z7-20-pcam-5c.sdk/system_wrapper_hw_platform_0/system.hdf -mem-ranges [list {0x40000000 0xbfffffff}]
configparams force-mem-access 1
targets -set -nocase -filter {name =~"APU*" && jtag_cable_name =~ "Digilent Zybo Z7 210351AF226FA"} -index 0
stop
ps7_init
ps7_post_config
targets -set -nocase -filter {name =~ "ARM*#0" && jtag_cable_name =~ "Digilent Zybo Z7 210351AF226FA"} -index 0
rst -processor
targets -set -nocase -filter {name =~ "ARM*#0" && jtag_cable_name =~ "Digilent Zybo Z7 210351AF226FA"} -index 0
dow E:/cwcre/School/498_SeniorDesign/Zybo-Z7-20-pcam-5c-2019.1/Zybo-Z7-20-pcam-5c-2019.1/vivado_proj/Zybo-Z7-20-pcam-5c.sdk/pcam_vdma_hdmi/Debug/pcam_vdma_hdmi.elf
configparams force-mem-access 0
----------------End of Script----------------

03:27:09 INFO  : Memory regions updated for context APU
03:27:09 INFO  : Context for processor 'ps7_cortexa9_0' is selected.
03:27:09 INFO  : 'con' command is executed.
03:27:09 INFO  : ----------------XSDB Script (After Launch)----------------
targets -set -nocase -filter {name =~ "ARM*#0" && jtag_cable_name =~ "Digilent Zybo Z7 210351AF226FA"} -index 0
con
----------------End of Script----------------

03:27:09 INFO  : Launch script is exported to file 'E:\cwcre\School\498_SeniorDesign\Zybo-Z7-20-pcam-5c-2019.1\Zybo-Z7-20-pcam-5c-2019.1\vivado_proj\Zybo-Z7-20-pcam-5c.sdk\.sdk\launch_scripts\xilinx_c-c++_application_(system_debugger)\system_debugger_using_debug_pcam_vdma_hdmi.elf_on_local.tcl'
03:29:44 INFO  : Disconnected from the channel tcfchan#5.
